2019-01-17 09:09:08 AM: (SQL: INSERT INTO  users SET full_name = :full_name_, email = :email_, password = :password_, role = :role_) SQLSTATE[23000]: Integrity constraint violation: 1062 Duplicate entry 'hifinul@mailinator.com' for key 'email'
2019-01-17 09:11:44 AM: (SQL: INSERT INTO  users SET full_name = :full_name_, email = :email_, password = :password_, role = :role_) SQLSTATE[23000]: Integrity constraint violation: 1062 Duplicate entry 'hifinul@mailinator.com' for key 'email'
2019-01-17 09:52:47 AM: (SQL: INSERT INTO  users SET full_name = :full_name_, email = :email_, password = :password_, role = :role_) SQLSTATE[23000]: Integrity constraint violation: 1062 Duplicate entry 'hifinul@mailinator.com' for key 'email'
2019-01-17 09:56:23 AM: (SQL: INSERT INTO  users SET full_name = :full_name_, email = :email_, password = :password_, role = :role_) SQLSTATE[23000]: Integrity constraint violation: 1062 Duplicate entry 'hifinul@mailinator.com' for key 'email'
2019-01-17 10:09:26 AM: (SQL: INSERT INTO  users SET full_name = :full_name_, email = :email_, password = :password_, role = :role_) SQLSTATE[23000]: Integrity constraint violation: 1062 Duplicate entry 'hifinul@mailinator.com' for key 'email'
2019-01-18 07:33:46 AM: (SQL: INSERT INTO  users SET full_name = :full_name_, email = :email_, password = :password_, role = :role_, user_image = :user_image_) SQLSTATE[23000]: Integrity constraint violation: 1048 Column 'user_image' cannot be null
2019-01-18 07:35:39 AM: (SQL: INSERT INTO  users SET full_name = :full_name_, email = :email_, password = :password_, role = :role_, user_image = :user_image_) SQLSTATE[23000]: Integrity constraint violation: 1048 Column 'user_image' cannot be null
2019-01-18 07:46:41 AM: (SQL: INSERT INTO  users SET full_name = :full_name_, email = :email_, password = :password_, role = :role_, user_image = :user_image_) SQLSTATE[23000]: Integrity constraint violation: 1062 Duplicate entry 'coquzon@mailinator.net' for key 'email'
2019-01-18 08:49:59 AM: (SQL: SELECT  *  FROM job_posts) SQLSTATE[42S02]: Base table or view not found: 1146 Table 'jobportalnepal.job_posts' doesn't exist
2019-01-18 08:53:17 AM: (SQL: SELECT  *  FROM job_posts) SQLSTATE[42S02]: Base table or view not found: 1146 Table 'jobportalnepal.job_posts' doesn't exist
2019-01-18 12:55:03 PM: (SQL: INSERT INTO  users SET full_name = :full_name_, email = :email_, password = :password_, role = :role_, user_image = :user_image_) SQLSTATE[23000]: Integrity constraint violation: 1048 Column 'email' cannot be null
2019-01-18 04:47:13 PM: (SQL: INSERT INTO  job_posts SET job_cateogory = :job_cateogory_, position = :position_, no_of_vacancies = :no_of_vacancies_, job_level = :job_level_, employment_type = :employment_type_, offered_salary = :offered_salary_, deadline = :deadline_, job_location = :job_location_, experience_required = :experience_required_, education_level = :education_level_, job_description = :job_description_, applying_procedure = :applying_procedure_) SQLSTATE[42S22]: Column not found: 1054 Unknown column 'job_cateogory' in 'field list'
2019-01-18 04:48:45 PM: (SQL: INSERT INTO  job_posts SET job_cateogory = :job_cateogory_, position = :position_, no_of_vacancies = :no_of_vacancies_, job_level = :job_level_, employment_type = :employment_type_, offered_salary = :offered_salary_, deadline = :deadline_, job_location = :job_location_, experience_required = :experience_required_, education_level = :education_level_, job_description = :job_description_, applying_procedure = :applying_procedure_) SQLSTATE[42S22]: Column not found: 1054 Unknown column 'job_cateogory' in 'field list'
2019-01-18 04:49:02 PM: (SQL: INSERT INTO  job_posts SET job_cateogory = :job_cateogory_, position = :position_, no_of_vacancies = :no_of_vacancies_, job_level = :job_level_, employment_type = :employment_type_, offered_salary = :offered_salary_, deadline = :deadline_, job_location = :job_location_, experience_required = :experience_required_, education_level = :education_level_, job_description = :job_description_, applying_procedure = :applying_procedure_) SQLSTATE[42S22]: Column not found: 1054 Unknown column 'job_cateogory' in 'field list'
2019-01-18 04:53:18 PM: (SQL: INSERT INTO  job_posts SET job_cateogory = :job_cateogory_, position = :position_, no_of_vacancies = :no_of_vacancies_, job_level = :job_level_, employment_type = :employment_type_, offered_salary = :offered_salary_, deadline = :deadline_, job_location = :job_location_, experience_required = :experience_required_, education_level = :education_level_, job_description = :job_description_, applying_procedure = :applying_procedure_) SQLSTATE[42S22]: Column not found: 1054 Unknown column 'job_cateogory' in 'field list'
2019-01-18 04:53:23 PM: (SQL: INSERT INTO  job_posts SET job_cateogory = :job_cateogory_, position = :position_, no_of_vacancies = :no_of_vacancies_, job_level = :job_level_, employment_type = :employment_type_, offered_salary = :offered_salary_, deadline = :deadline_, job_location = :job_location_, experience_required = :experience_required_, education_level = :education_level_, job_description = :job_description_, applying_procedure = :applying_procedure_) SQLSTATE[42S22]: Column not found: 1054 Unknown column 'job_cateogory' in 'field list'
2019-01-18 05:07:03 PM: (SQL: INSERT INTO  job_posts SET job_cateogory = :job_cateogory_, position = :position_, no_of_vacancies = :no_of_vacancies_, job_level = :job_level_, employment_type = :employment_type_, offered_salary = :offered_salary_, deadline = :deadline_, job_location = :job_location_, experience_required = :experience_required_, education_level = :education_level_, job_description = :job_description_, applying_procedure = :applying_procedure_) SQLSTATE[42S22]: Column not found: 1054 Unknown column 'job_cateogory' in 'field list'
2019-01-18 05:08:47 PM: (SQL: INSERT INTO  job_posts SET job_cateogory = :job_cateogory_, position = :position_, no_of_vacancies = :no_of_vacancies_, job_level = :job_level_, employment_type = :employment_type_, offered_salary = :offered_salary_, deadline = :deadline_, job_location = :job_location_, experience_required = :experience_required_, education_level = :education_level_, job_description = :job_description_, applying_procedure = :applying_procedure_) SQLSTATE[42S22]: Column not found: 1054 Unknown column 'job_cateogory' in 'field list'
2019-01-18 05:08:57 PM: (SQL: INSERT INTO  job_posts SET job_cateogory = :job_cateogory_, position = :position_, no_of_vacancies = :no_of_vacancies_, job_level = :job_level_, employment_type = :employment_type_, offered_salary = :offered_salary_, deadline = :deadline_, job_location = :job_location_, experience_required = :experience_required_, education_level = :education_level_, job_description = :job_description_, applying_procedure = :applying_procedure_) SQLSTATE[42S22]: Column not found: 1054 Unknown column 'job_cateogory' in 'field list'
2019-01-18 05:09:19 PM: (SQL: INSERT INTO  job_posts SET job_cateogory = :job_cateogory_, position = :position_, no_of_vacancies = :no_of_vacancies_, job_level = :job_level_, employment_type = :employment_type_, offered_salary = :offered_salary_, deadline = :deadline_, job_location = :job_location_, experience_required = :experience_required_, education_level = :education_level_, job_description = :job_description_, applying_procedure = :applying_procedure_) SQLSTATE[42S22]: Column not found: 1054 Unknown column 'job_cateogory' in 'field list'
2019-01-18 05:28:29 PM: (SQL: INSERT INTO  job_posts SET job_cateogory = :job_cateogory_, position = :position_, no_of_vacancies = :no_of_vacancies_, job_level = :job_level_, employment_type = :employment_type_, offered_salary = :offered_salary_, deadline = :deadline_, job_location = :job_location_, experience_required = :experience_required_, education_level = :education_level_, job_description = :job_description_, applying_procedure = :applying_procedure_) SQLSTATE[42S22]: Column not found: 1054 Unknown column 'job_cateogory' in 'field list'
2019-01-18 05:33:25 PM: (SQL: INSERT INTO  job_posts SET job_cateogory = :job_cateogory_, position = :position_, no_of_vacancies = :no_of_vacancies_, job_level = :job_level_, employment_type = :employment_type_, offered_salary = :offered_salary_, deadline = :deadline_, job_location = :job_location_, experience_required = :experience_required_, education_level = :education_level_, job_description = :job_description_, applying_procedure = :applying_procedure_) SQLSTATE[42S22]: Column not found: 1054 Unknown column 'job_cateogory' in 'field list'
2019-01-18 05:33:59 PM: (SQL: INSERT INTO  job_posts SET job_cateogory = :job_cateogory_, position = :position_, no_of_vacancies = :no_of_vacancies_, job_level = :job_level_, employment_type = :employment_type_, offered_salary = :offered_salary_, deadline = :deadline_, job_location = :job_location_, experience_required = :experience_required_, education_level = :education_level_, job_description = :job_description_, applying_procedure = :applying_procedure_) SQLSTATE[42S22]: Column not found: 1054 Unknown column 'job_cateogory' in 'field list'
2019-01-20 11:45:46 AM: (SQL: INSERT INTO  users SET full_name = :full_name_, email = :email_, password = :password_, role = :role_, user_image = :user_image_, status = :status_) SQLSTATE[23000]: Integrity constraint violation: 1048 Column 'email' cannot be null
2019-06-27 07:03:30 AM:SQLSTATE[HY000] [1045] Access denied for user 'thapaeas_jobport'@'localhost' (using password: YES)
2019-06-27 07:03:30 AM:SQLSTATE[HY000] [1045] Access denied for user 'thapaeas_jobport'@'localhost' (using password: YES)
2019-06-27 07:09:40 AM: (SQL: SELECT  *  FROM job_posts) SQLSTATE[42S02]: Base table or view not found: 1146 Table 'jobportal.job_posts' doesn't exist
2019-06-27 07:09:40 AM: (SQL: SELECT  *  FROM job_posts ORDER BY id DESC limit 0, 20) SQLSTATE[42S02]: Base table or view not found: 1146 Table 'jobportal.job_posts' doesn't exist
2019-06-27 07:09:40 AM: (SQL: SELECT  *  FROM job_posts WHERE is_hot_job = :is_hot_job) SQLSTATE[42S02]: Base table or view not found: 1146 Table 'jobportal.job_posts' doesn't exist
2019-06-27 07:09:40 AM: (SQL: SELECT  *  FROM job_posts WHERE job_category = :job_category) SQLSTATE[42S02]: Base table or view not found: 1146 Table 'jobportal.job_posts' doesn't exist
2019-06-27 07:09:40 AM: (SQL: SELECT  *  FROM job_posts WHERE job_category = :job_category) SQLSTATE[42S02]: Base table or view not found: 1146 Table 'jobportal.job_posts' doesn't exist
2019-06-27 07:09:40 AM: (SQL: SELECT  *  FROM job_posts WHERE employment_type = :employment_type) SQLSTATE[42S02]: Base table or view not found: 1146 Table 'jobportal.job_posts' doesn't exist
2019-06-27 07:09:40 AM: (SQL: SELECT  *  FROM job_posts WHERE employment_type = :employment_type) SQLSTATE[42S02]: Base table or view not found: 1146 Table 'jobportal.job_posts' doesn't exist
2019-06-27 07:09:40 AM: (SQL: SELECT  *  FROM job_posts WHERE employment_type = :employment_type) SQLSTATE[42S02]: Base table or view not found: 1146 Table 'jobportal.job_posts' doesn't exist
2019-06-27 07:09:40 AM: (SQL: SELECT  *  FROM job_posts WHERE employment_type = :employment_type) SQLSTATE[42S02]: Base table or view not found: 1146 Table 'jobportal.job_posts' doesn't exist
2019-06-27 07:09:40 AM: (SQL: SELECT  *  FROM job_posts WHERE source = :source) SQLSTATE[42S02]: Base table or view not found: 1146 Table 'jobportal.job_posts' doesn't exist
2019-06-27 07:09:40 AM: (SQL: SELECT  *  FROM job_posts WHERE source = :source) SQLSTATE[42S02]: Base table or view not found: 1146 Table 'jobportal.job_posts' doesn't exist
2019-06-27 07:09:40 AM: (SQL: SELECT  *  FROM job_posts WHERE source = :source) SQLSTATE[42S02]: Base table or view not found: 1146 Table 'jobportal.job_posts' doesn't exist
2019-06-27 07:09:40 AM: (SQL: SELECT  *  FROM job_posts WHERE source = :source) SQLSTATE[42S02]: Base table or view not found: 1146 Table 'jobportal.job_posts' doesn't exist
2019-06-27 07:09:40 AM: (SQL: SELECT  *  FROM job_posts WHERE source = :source) SQLSTATE[42S02]: Base table or view not found: 1146 Table 'jobportal.job_posts' doesn't exist
2019-06-27 07:09:40 AM: (SQL: SELECT  *  FROM job_posts WHERE is_instant_job = :is_instant_job) SQLSTATE[42S02]: Base table or view not found: 1146 Table 'jobportal.job_posts' doesn't exist
2019-06-27 07:43:35 AM:SQLSTATE[HY000] [1045] Access denied for user 'thapaeas_jobport'@'localhost' (using password: YES)
2019-06-27 07:43:38 AM:SQLSTATE[HY000] [1045] Access denied for user 'thapaeas_jobport'@'localhost' (using password: YES)
2019-06-27 07:44:25 AM:SQLSTATE[HY000] [1045] Access denied for user 'thapaeas_jobport'@'localhost' (using password: YES)
2019-06-27 07:44:41 AM:SQLSTATE[HY000] [1045] Access denied for user 'thapaeas_jobport'@'localhost' (using password: YES)
2019-06-27 07:44:46 AM:SQLSTATE[HY000] [1045] Access denied for user 'thapaeas_jobport'@'localhost' (using password: YES)
2019-06-27 07:45:09 AM:SQLSTATE[HY000] [1045] Access denied for user 'thapaeas_jobport'@'localhost' (using password: YES)
2019-06-27 07:46:05 AM:SQLSTATE[HY000] [1045] Access denied for user 'localhost'@'localhost' (using password: YES)
2019-06-27 07:46:08 AM:SQLSTATE[HY000] [1045] Access denied for user 'localhost'@'localhost' (using password: YES)
2019-06-27 07:50:45 AM: (SQL: SELECT  *  FROM job_posts ORDER BY id DESC limit 0, ) SQLSTATE[42000]: Syntax error or access violation: 1064 You have an error in your SQL syntax; check the manual that corresponds to your MariaDB server version for the right syntax to use near '' at line 1
